[1] "experiment_4.log"
[1] "Tue Jun 13 12:42:08 2023"

++++++++++++++++++++++++++++++++
attack rate =  0 , defense rate =  1 

	equilibrium for multiobjective security game (MOSG)

optimal defense strategy:
         prob.
5  0.000000000
15 0.293915729
6  0.000000000
8  0.248989968
10 0.001942281
7  0.101068618
11 0.354083404
9  0.000000000

worst case attack strategies per goal:
              1
1  0.0000000000
2  0.2320944822
3  0.2155103329
4  0.0000000000
5  0.0000000000
6  0.0028235618
7  0.3168462888
8  0.2280058177
9  0.0046987970
10 0.0000207196
11 0.0000000000
[1] 0.024

++++++++++++++++++++++++++++++++
attack rate =  0 , defense rate =  2 

	equilibrium for multiobjective security game (MOSG)

optimal defense strategy:
         prob.
5  0.000000000
15 0.329528431
6  0.000000000
8  0.280763058
10 0.001613122
7  0.108047266
11 0.280048123
9  0.000000000

worst case attack strategies per goal:
              1
1  0.000000e+00
2  2.096104e-01
3  1.815812e-01
4  0.000000e+00
5  0.000000e+00
6  3.282446e-04
7  3.137956e-01
8  2.533544e-01
9  4.126027e-02
10 6.983042e-05
11 0.000000e+00
[1] 0.035

++++++++++++++++++++++++++++++++
attack rate =  0 , defense rate =  3 

	equilibrium for multiobjective security game (MOSG)

optimal defense strategy:
         prob.
5  0.000000000
15 0.339614430
6  0.000000000
8  0.291097679
10 0.002064667
7  0.107685166
11 0.238307658
9  0.021230401

worst case attack strategies per goal:
              1
1  0.0005365924
2  0.1518098366
3  0.1308786829
4  0.0000000000
5  0.0000000000
6  0.0029763546
7  0.2412699263
8  0.2067964907
9  0.2657321166
10 0.0000000000
11 0.0000000000
[1] 0.041
