[1] "experiment_3.log"
[1] "Tue Jun 13 12:41:55 2023"

++++++++++++++++++++++++++++++++
attack rate =  0 , defense rate =  0 

	equilibrium for multiobjective security game (MOSG)

optimal defense strategy:
          prob.
5  0.0000000000
15 0.4659178499
6  0.0000000000
8  0.1631500230
10 0.0008373096
7  0.0000000000
11 0.3700948175
9  0.0000000000

worst case attack strategies per goal:
              1
1  0.000000e+00
2  3.100053e-01
3  2.592166e-01
4  1.064919e-04
5  0.000000e+00
6  2.056218e-04
7  9.113896e-05
8  4.303748e-01
9  0.000000e+00
10 0.000000e+00
11 0.000000e+00
[1] 0.077
